<?xml version="1.0" encoding="UTF-8"?>
<!-- Generated by org.testng.reporters.JUnitReportReporter -->
<testsuite hostname="KingKongPawn-PC" name="seleniumGrid.Grid2" tests="1" failures="0" timestamp="14 Oct 2016 21:43:25 GMT" time="93.283" errors="0">
  <testcase name="runall" time="93.283" classname="seleniumGrid.Grid2"/>
</testsuite> <!-- seleniumGrid.Grid2 -->
