<?xml version="1.0" encoding="UTF-8"?>
<!-- Generated by org.testng.reporters.JUnitReportReporter -->
<testsuite hostname="KingKongPawn-PC" name="seleniumGrid.GridTest" tests="1" failures="0" timestamp="14 Oct 2016 21:34:35 GMT" time="3.086" errors="0">
  <testcase name="testmethod" time="3.086" classname="seleniumGrid.GridTest"/>
</testsuite> <!-- seleniumGrid.GridTest -->
