<?xml version="1.0" encoding="UTF-8"?>
<!-- Generated by org.testng.reporters.JUnitReportReporter -->
<testsuite hostname="KingKongPawn-PC" name="mavengit.test1" tests="1" failures="0" timestamp="23 Sep 2016 21:55:24 GMT" time="96.126" errors="0">
  <testcase name="runall" time="96.126" classname="mavengit.test1"/>
</testsuite> <!-- mavengit.test1 -->
