<?xml version="1.0" encoding="UTF-8"?>
<!-- Generated by org.testng.reporters.JUnitReportReporter -->
<testsuite hostname="KingKongPawn-PC" name="mavenP.Testi" tests="1" failures="0" timestamp="26 Sep 2016 21:49:23 GMT" time="3.471" errors="0">
  <testcase name="testam" time="3.471" classname="mavenP.Testi"/>
</testsuite> <!-- mavenP.Testi -->
